<?xml version="1.0" encoding="UTF-8"?>
<!-- Generated by org.testng.reporters.JUnitXMLReporter -->
<testsuite hostname="Rahul-PC" ignored="0" name="Home page Test" tests="3" failures="0" timestamp="26 May 2020 14:37:38 GMT" time="24.862" errors="0">
  <testcase name="verifyHomepageHeader" time="6.075" classname="com.qa.hubspot.test.HomePageTest"/>
  <testcase name="verifyreporttext" time="1.132" classname="com.qa.hubspot.test.HomePageTest"/>
  <testcase name="verifyHomepageTitle" time="0.215" classname="com.qa.hubspot.test.HomePageTest"/>
</testsuite> <!-- Home page Test -->
