<?xml version="1.0" encoding="UTF-8"?>
<!-- Generated by org.testng.reporters.JUnitXMLReporter -->
<testsuite hostname="Rahul-PC" ignored="0" name="Login page Test" tests="3" failures="0" timestamp="26 May 2020 14:37:29 GMT" time="16.485" errors="0">
  <testcase name="verifySignUpLinkTest" time="5.813" classname="com.qa.hubspot.test.LogInPageTest"/>
  <testcase name="verifyLogInPageTitleTest" time="0.021" classname="com.qa.hubspot.test.LogInPageTest"/>
  <testcase name="loginTest" time="2.663" classname="com.qa.hubspot.test.LogInPageTest"/>
</testsuite> <!-- Login page Test -->
