<?xml version="1.0" encoding="UTF-8"?>
<!-- Generated by org.testng.reporters.JUnitXMLReporter -->
<testsuite hostname="Rahul-PC" ignored="1" name="Default test" tests="4" failures="0" timestamp="02 Jun 2020 10:04:40 GMT" time="97.432" errors="0">
  <testcase name="createContactTest" time="20.382" classname="com.qa.hubspot.test.ContactPageTest"/>
  <testcase name="createContactTest" time="15.517" classname="com.qa.hubspot.test.ContactPageTest"/>
  <testcase name="createContactTest" time="12.706" classname="com.qa.hubspot.test.ContactPageTest"/>
  <testcase name="createContactTest" time="14.537" classname="com.qa.hubspot.test.ContactPageTest"/>
  <testcase name="verifyContactsPageTitleTest" time="0.0" classname="com.qa.hubspot.test.ContactPageTest">
    <ignored/>
  </testcase> <!-- verifyContactsPageTitleTest -->
</testsuite> <!-- Default test -->
