<?xml version="1.0" encoding="UTF-8"?>
<!-- Generated by org.testng.reporters.JUnitXMLReporter -->
<testsuite hostname="Rahul-PC" ignored="0" name="Default test" tests="3" failures="0" timestamp="26 May 2020 14:16:24 GMT" time="20.05" errors="0">
  <testcase name="verifyHomepageHeader" time="5.186" classname="com.qa.hubspot.test.HomePageTest"/>
  <testcase name="verifyreporttext" time="0.476" classname="com.qa.hubspot.test.HomePageTest"/>
  <testcase name="verifyHomepageTitle" time="0.65" classname="com.qa.hubspot.test.HomePageTest"/>
</testsuite> <!-- Default test -->
