<?xml version="1.0" encoding="UTF-8"?>
<testng-results skipped="0" failed="2" ignored="0" total="3" passed="1">
  <reporter-output>
    <line>
      <![CDATA[<a href='C:\Users\Rahul\eclipse-workspace\March2020POMSeries\target\surefire-reports\failure_screenshots\verifySignUpLinkTest_04_06_2020_09_35_06.png'> <img src='C:\Users\Rahul\eclipse-workspace\March2020POMSeries\target\surefire-reports\failure_screenshots\verifySignUpLinkTest_04_06_2020_09_35_06.png' height='100' width='100'/> </a>]]>
    </line>
    <line>
      <![CDATA[<a href='C:\Users\Rahul\eclipse-workspace\March2020POMSeries\target\surefire-reports\failure_screenshots\verifyLogInPageTitleTest_04_06_2020_09_35_17.png'> <img src='C:\Users\Rahul\eclipse-workspace\March2020POMSeries\target\surefire-reports\failure_screenshots\verifyLogInPageTitleTest_04_06_2020_09_35_17.png' height='100' width='100'/> </a>]]>
    </line>
  </reporter-output>
  <suite name="My HubSpot App test Automation Regression Suite" duration-ms="31457" started-at="2020-06-04T16:04:47Z" finished-at="2020-06-04T16:05:18Z">
    <groups>
    </groups>
    <test name="Login page Test" duration-ms="31457" started-at="2020-06-04T16:04:47Z" finished-at="2020-06-04T16:05:18Z">
      <class name="com.qa.hubspot.test.LogInPageTest">
        <test-method status="PASS" signature="setup()[pri:0, instance:com.qa.hubspot.test.LogInPageTest@2f112965]" name="setup" is-config="true" duration-ms="7300" started-at="2020-06-04T16:04:47Z" finished-at="2020-06-04T16:04:54Z">
          <reporter-output>
          </reporter-output>
        </test-method> <!-- setup -->
        <test-method status="FAIL" signature="verifySignUpLinkTest()[pri:1, instance:com.qa.hubspot.test.LogInPageTest@2f112965]" name="verifySignUpLinkTest" duration-ms="10771" started-at="2020-06-04T16:04:55Z" finished-at="2020-06-04T16:05:06Z">
          <exception class="java.lang.NullPointerException">
            <full-stacktrace>
              <![CDATA[java.lang.NullPointerException
at com.qa.hubspot.utils.ElementUtil.doisdiplayed(ElementUtil.java:65)
at com.qa.hubspot.pages.LogInPage.verifySignUpLink(LogInPage.java:41)
at com.qa.hubspot.test.LogInPageTest.verifySignUpLinkTest(LogInPageTest.java:42)
at sun.reflect.NativeMethodAccessorImpl.invoke0(Native Method)
at sun.reflect.NativeMethodAccessorImpl.invoke(Unknown Source)
at sun.reflect.DelegatingMethodAccessorImpl.invoke(Unknown Source)
at java.lang.reflect.Method.invoke(Unknown Source)
at org.testng.internal.MethodInvocationHelper.invokeMethod(MethodInvocationHelper.java:124)
at org.testng.internal.Invoker.invokeMethod(Invoker.java:583)
at org.testng.internal.Invoker.invokeTestMethod(Invoker.java:719)
at org.testng.internal.Invoker.invokeTestMethods(Invoker.java:989)
at org.testng.internal.TestMethodWorker.invokeTestMethods(TestMethodWorker.java:125)
at org.testng.internal.TestMethodWorker.run(TestMethodWorker.java:109)
at org.testng.TestRunner.privateRun(TestRunner.java:648)
at org.testng.TestRunner.run(TestRunner.java:505)
at org.testng.SuiteRunner.runTest(SuiteRunner.java:455)
at org.testng.SuiteRunner.runSequentially(SuiteRunner.java:450)
at org.testng.SuiteRunner.privateRun(SuiteRunner.java:415)
at org.testng.SuiteRunner.run(SuiteRunner.java:364)
at org.testng.SuiteRunnerWorker.runSuite(SuiteRunnerWorker.java:52)
at org.testng.SuiteRunnerWorker.run(SuiteRunnerWorker.java:84)
at org.testng.TestNG.runSuitesSequentially(TestNG.java:1208)
at org.testng.TestNG.runSuitesLocally(TestNG.java:1137)
at org.testng.TestNG.runSuites(TestNG.java:1049)
at org.testng.TestNG.run(TestNG.java:1017)
at org.testng.remote.AbstractRemoteTestNG.run(AbstractRemoteTestNG.java:114)
at org.testng.remote.RemoteTestNG.initAndRun(RemoteTestNG.java:251)
at org.testng.remote.RemoteTestNG.main(RemoteTestNG.java:77)
]]>
            </full-stacktrace>
          </exception> <!-- java.lang.NullPointerException -->
          <reporter-output>
            <line>
              <![CDATA[<a href='C:\Users\Rahul\eclipse-workspace\March2020POMSeries\target\surefire-reports\failure_screenshots\verifySignUpLinkTest_04_06_2020_09_35_06.png'> <img src='C:\Users\Rahul\eclipse-workspace\March2020POMSeries\target\surefire-reports\failure_screenshots\verifySignUpLinkTest_04_06_2020_09_35_06.png' height='100' width='100'/> </a>]]>
            </line>
          </reporter-output>
        </test-method> <!-- verifySignUpLinkTest -->
        <test-method status="FAIL" signature="verifyLogInPageTitleTest()[pri:2, instance:com.qa.hubspot.test.LogInPageTest@2f112965]" name="verifyLogInPageTitleTest" duration-ms="10281" started-at="2020-06-04T16:05:07Z" finished-at="2020-06-04T16:05:17Z">
          <exception class="org.openqa.selenium.TimeoutException">
            <message>
              <![CDATA[Expected condition failed: waiting for title to contain "HubSpot Login123". Current title: "HubSpot Login" (tried for 10 second(s) with 500 milliseconds interval)
Build info: version: '3.141.59', revision: 'e82be7d358', time: '2018-11-14T08:17:03'
System info: host: 'RAHUL-PC', ip: '192.168.29.17', os.name: 'Windows 10', os.arch: 'amd64', os.version: '10.0', java.version: '1.8.0_65'
Driver info: org.openqa.selenium.chrome.ChromeDriver
Capabilities {acceptInsecureCerts: false, browserName: chrome, browserVersion: 83.0.4103.97, chrome: {chromedriverVersion: 83.0.4103.39 (ccbf011cb2d2b..., userDataDir: C:\Users\Rahul\AppData\Loca...}, goog:chromeOptions: {debuggerAddress: localhost:65059}, javascriptEnabled: true, networkConnectionEnabled: false, pageLoadStrategy: normal, platform: WINDOWS, platformName: WINDOWS, proxy: Proxy(), setWindowRect: true, strictFileInteractability: false, timeouts: {implicit: 0, pageLoad: 300000, script: 30000}, unhandledPromptBehavior: dismiss and notify, webauthn:virtualAuthenticators: true}
Session ID: 00e94e81640b0305b4aeba2f48c4adba]]>
            </message>
            <full-stacktrace>
              <![CDATA[org.openqa.selenium.TimeoutException: Expected condition failed: waiting for title to contain "HubSpot Login123". Current title: "HubSpot Login" (tried for 10 second(s) with 500 milliseconds interval)
Build info: version: '3.141.59', revision: 'e82be7d358', time: '2018-11-14T08:17:03'
System info: host: 'RAHUL-PC', ip: '192.168.29.17', os.name: 'Windows 10', os.arch: 'amd64', os.version: '10.0', java.version: '1.8.0_65'
Driver info: org.openqa.selenium.chrome.ChromeDriver
Capabilities {acceptInsecureCerts: false, browserName: chrome, browserVersion: 83.0.4103.97, chrome: {chromedriverVersion: 83.0.4103.39 (ccbf011cb2d2b..., userDataDir: C:\Users\Rahul\AppData\Loca...}, goog:chromeOptions: {debuggerAddress: localhost:65059}, javascriptEnabled: true, networkConnectionEnabled: false, pageLoadStrategy: normal, platform: WINDOWS, platformName: WINDOWS, proxy: Proxy(), setWindowRect: true, strictFileInteractability: false, timeouts: {implicit: 0, pageLoad: 300000, script: 30000}, unhandledPromptBehavior: dismiss and notify, webauthn:virtualAuthenticators: true}
Session ID: 00e94e81640b0305b4aeba2f48c4adba
at org.openqa.selenium.support.ui.WebDriverWait.timeoutException(WebDriverWait.java:95)
at org.openqa.selenium.support.ui.FluentWait.until(FluentWait.java:272)
at com.qa.hubspot.utils.ElementUtil.WaitForTitleToBePresent(ElementUtil.java:250)
at com.qa.hubspot.pages.LogInPage.getLogInPageTitle(LogInPage.java:36)
at com.qa.hubspot.test.LogInPageTest.verifyLogInPageTitleTest(LogInPageTest.java:29)
at sun.reflect.NativeMethodAccessorImpl.invoke0(Native Method)
at sun.reflect.NativeMethodAccessorImpl.invoke(Unknown Source)
at sun.reflect.DelegatingMethodAccessorImpl.invoke(Unknown Source)
at java.lang.reflect.Method.invoke(Unknown Source)
at org.testng.internal.MethodInvocationHelper.invokeMethod(MethodInvocationHelper.java:124)
at org.testng.internal.Invoker.invokeMethod(Invoker.java:583)
at org.testng.internal.Invoker.invokeTestMethod(Invoker.java:719)
at org.testng.internal.Invoker.invokeTestMethods(Invoker.java:989)
at org.testng.internal.TestMethodWorker.invokeTestMethods(TestMethodWorker.java:125)
at org.testng.internal.TestMethodWorker.run(TestMethodWorker.java:109)
at org.testng.TestRunner.privateRun(TestRunner.java:648)
at org.testng.TestRunner.run(TestRunner.java:505)
at org.testng.SuiteRunner.runTest(SuiteRunner.java:455)
at org.testng.SuiteRunner.runSequentially(SuiteRunner.java:450)
at org.testng.SuiteRunner.privateRun(SuiteRunner.java:415)
at org.testng.SuiteRunner.run(SuiteRunner.java:364)
at org.testng.SuiteRunnerWorker.runSuite(SuiteRunnerWorker.java:52)
at org.testng.SuiteRunnerWorker.run(SuiteRunnerWorker.java:84)
at org.testng.TestNG.runSuitesSequentially(TestNG.java:1208)
at org.testng.TestNG.runSuitesLocally(TestNG.java:1137)
at org.testng.TestNG.runSuites(TestNG.java:1049)
at org.testng.TestNG.run(TestNG.java:1017)
at org.testng.remote.AbstractRemoteTestNG.run(AbstractRemoteTestNG.java:114)
at org.testng.remote.RemoteTestNG.initAndRun(RemoteTestNG.java:251)
at org.testng.remote.RemoteTestNG.main(RemoteTestNG.java:77)
]]>
            </full-stacktrace>
          </exception> <!-- org.openqa.selenium.TimeoutException -->
          <reporter-output>
            <line>
              <![CDATA[<a href='C:\Users\Rahul\eclipse-workspace\March2020POMSeries\target\surefire-reports\failure_screenshots\verifyLogInPageTitleTest_04_06_2020_09_35_17.png'> <img src='C:\Users\Rahul\eclipse-workspace\March2020POMSeries\target\surefire-reports\failure_screenshots\verifyLogInPageTitleTest_04_06_2020_09_35_17.png' height='100' width='100'/> </a>]]>
            </line>
          </reporter-output>
        </test-method> <!-- verifyLogInPageTitleTest -->
        <test-method status="PASS" signature="loginTest()[pri:3, instance:com.qa.hubspot.test.LogInPageTest@2f112965]" name="loginTest" duration-ms="998" started-at="2020-06-04T16:05:17Z" finished-at="2020-06-04T16:05:18Z">
          <reporter-output>
          </reporter-output>
        </test-method> <!-- loginTest -->
        <test-method status="PASS" signature="teardown()[pri:0, instance:com.qa.hubspot.test.LogInPageTest@2f112965]" name="teardown" is-config="true" duration-ms="1" started-at="2020-06-04T16:05:18Z" finished-at="2020-06-04T16:05:18Z">
          <reporter-output>
          </reporter-output>
        </test-method> <!-- teardown -->
      </class> <!-- com.qa.hubspot.test.LogInPageTest -->
    </test> <!-- Login page Test -->
  </suite> <!-- My HubSpot App test Automation Regression Suite -->
</testng-results>
